build/app/intermediates/manifest_merge_blame_file/release/manifest-merger-blame-release-report.txt
1<?xml version="1.0" encoding="utf-8"?>
2<manifest xmlns:android="http://schemas.android.com/apk/res/android"
3    package="com.raghavBLE.ble_positioning_system"
4    android:versionCode="1"
5    android:versionName="1.0.0" >
6
7    <uses-sdk
8        android:minSdkVersion="21"
8-->src/main/AndroidManifest.xml
9        android:targetSdkVersion="33" />
9-->src/main/AndroidManifest.xml
10    <!-- <uses-permission android:name="android.permission.BLUETOOT" /> -->
11    <uses-permission android:name="android.permission.INTERNET" />
11-->src/main/AndroidManifest.xml:4:5-67
11-->src/main/AndroidManifest.xml:4:22-64
12    <uses-permission android:name="android.permission.ACCESS_NETWORK_STATE" />
12-->src/main/AndroidManifest.xml:5:5-79
12-->src/main/AndroidManifest.xml:5:22-76
13    <uses-permission
13-->src/main/AndroidManifest.xml:6:5-74
14        android:name="android.permission.BLUETOOTH_ADMIN"
14-->src/main/AndroidManifest.xml:6:22-71
15        android:maxSdkVersion="30"
15-->[:flutter_blue_plus] AndroidManifest.xml:22:9-35
16        android:required="false" />
16-->[org.altbeacon:android-beacon-library:2.19] AndroidManifest.xml:15:9-33
17    <uses-permission android:name="android.permission.ACCESS_COARSE_LOCATION" />
17-->src/main/AndroidManifest.xml:7:5-80
17-->src/main/AndroidManifest.xml:7:22-78
18    <uses-permission android:name="android.permission.ACCESS_FINE_LOCATION" />
18-->src/main/AndroidManifest.xml:8:5-78
18-->src/main/AndroidManifest.xml:8:22-76
19    <uses-permission android:name="android.permission.ACCESS_BACKGROUND_LOCATION" />
19-->src/main/AndroidManifest.xml:9:5-85
19-->src/main/AndroidManifest.xml:9:22-82
20    <uses-permission android:name="android.permission.FOREGROUND_SERVICE" />
20-->src/main/AndroidManifest.xml:10:5-77
20-->src/main/AndroidManifest.xml:10:22-74
21    <uses-permission android:name="android.permission.WAKE_LOCK" />
21-->src/main/AndroidManifest.xml:11:5-68
21-->src/main/AndroidManifest.xml:11:22-65
22    <uses-permission android:name="com.google.android.gms.permission.ACTIVITY_RECOGNITION" />
22-->src/main/AndroidManifest.xml:12:5-94
22-->src/main/AndroidManifest.xml:12:22-91
23    <uses-permission android:name="android.permission.ACTIVITY_RECOGNITION" />
23-->src/main/AndroidManifest.xml:13:5-79
23-->src/main/AndroidManifest.xml:13:22-76
24    <uses-permission android:name="android.permission.ACCESS_NETWORK_STATE" />
24-->src/main/AndroidManifest.xml:5:5-79
24-->src/main/AndroidManifest.xml:5:22-76
25    <!--
26         New Bluetooth permissions in Android 12
27           https://developer.android.com/about/versions/12/features/bluetooth-permissions
28    -->
29    <uses-permission android:name="android.permission.BLUETOOTH_SCAN" />
29-->[:flutter_blue_plus] AndroidManifest.xml:13:5-73
29-->[:flutter_blue_plus] AndroidManifest.xml:13:22-70
30    <uses-permission android:name="android.permission.BLUETOOTH_CONNECT" /> <!-- Request legacy Bluetooth permissions on older devices. -->
30-->[:flutter_blue_plus] AndroidManifest.xml:14:5-76
30-->[:flutter_blue_plus] AndroidManifest.xml:14:22-73
31    <uses-permission
31-->[:flutter_blue_plus] AndroidManifest.xml:17:5-19:38
32        android:name="android.permission.BLUETOOTH"
32-->[:flutter_blue_plus] AndroidManifest.xml:18:9-52
33        android:maxSdkVersion="30"
33-->[:flutter_blue_plus] AndroidManifest.xml:19:9-35
34        android:required="false" />
34-->[org.altbeacon:android-beacon-library:2.19] AndroidManifest.xml:12:9-33
35    <uses-permission android:name="android.permission.RECEIVE_BOOT_COMPLETED" />
35-->[:beacons_plugin] AndroidManifest.xml:14:5-81
35-->[:beacons_plugin] AndroidManifest.xml:14:22-78
36
37    <uses-feature
37-->[:beacons_plugin] AndroidManifest.xml:17:5-19:35
38        android:name="android.hardware.bluetooth_le"
38-->[:beacons_plugin] AndroidManifest.xml:18:9-53
39        android:required="true" />
39-->[:beacons_plugin] AndroidManifest.xml:19:9-32
40
41    <application
42        android:name="android.app.Application"
42-->src/main/AndroidManifest.xml:18:9-42
43        android:appComponentFactory="androidx.core.app.CoreComponentFactory"
43-->[androidx.core:core:1.6.0] AndroidManifest.xml:24:18-86
44        android:icon="@mipmap/ic_launcher"
44-->src/main/AndroidManifest.xml:19:9-43
45        android:label="Smart Museum" >
45-->src/main/AndroidManifest.xml:17:9-37
46        <service
46-->src/main/AndroidManifest.xml:20:9-23:43
47            android:name="com.pravera.flutter_foreground_task.service.ForegroundService"
47-->src/main/AndroidManifest.xml:21:13-89
48            android:foregroundServiceType="location"
48-->src/main/AndroidManifest.xml:22:13-53
49            android:stopWithTask="true" />
49-->src/main/AndroidManifest.xml:23:13-40
50
51        <activity
51-->src/main/AndroidManifest.xml:25:9-45:20
52            android:name="com.raghavBLE.ble_positioning_system.MainActivity"
52-->src/main/AndroidManifest.xml:26:13-41
53            android:configChanges="orientation|keyboardHidden|keyboard|screenSize|smallestScreenSize|locale|layoutDirection|fontScale|screenLayout|density|uiMode"
53-->src/main/AndroidManifest.xml:30:13-163
54            android:exported="true"
54-->src/main/AndroidManifest.xml:27:13-36
55            android:hardwareAccelerated="true"
55-->src/main/AndroidManifest.xml:31:13-47
56            android:launchMode="singleTop"
56-->src/main/AndroidManifest.xml:28:13-43
57            android:theme="@style/LaunchTheme"
57-->src/main/AndroidManifest.xml:29:13-47
58            android:windowSoftInputMode="adjustResize" >
58-->src/main/AndroidManifest.xml:32:13-55
59
60            <!--
61                 Specifies an Android theme to apply to this Activity as soon as
62                 the Android process has started. This theme is visible to the user
63                 while the Flutter UI initializes. After that, this theme continues
64                 to determine the Window background behind the Flutter UI.
65            -->
66            <meta-data
66-->src/main/AndroidManifest.xml:37:13-40:17
67                android:name="io.flutter.embedding.android.NormalTheme"
67-->src/main/AndroidManifest.xml:38:15-70
68                android:resource="@style/NormalTheme" />
68-->src/main/AndroidManifest.xml:39:15-52
69
70            <intent-filter>
70-->src/main/AndroidManifest.xml:41:13-44:29
71                <action android:name="android.intent.action.MAIN" />
71-->src/main/AndroidManifest.xml:42:17-68
71-->src/main/AndroidManifest.xml:42:25-66
72
73                <category android:name="android.intent.category.LAUNCHER" />
73-->src/main/AndroidManifest.xml:43:17-76
73-->src/main/AndroidManifest.xml:43:27-74
74            </intent-filter>
75        </activity>
76        <!--
77             Don't delete the meta-data below.
78             This is used by the Flutter tool to generate GeneratedPluginRegistrant.java
79        -->
80        <meta-data
80-->src/main/AndroidManifest.xml:48:9-50:33
81            android:name="flutterEmbedding"
81-->src/main/AndroidManifest.xml:49:13-44
82            android:value="2" />
82-->src/main/AndroidManifest.xml:50:13-30
83
84        <service
84-->[:firebase_auth] AndroidManifest.xml:10:9-14:19
85            android:name="com.google.firebase.components.ComponentDiscoveryService"
85-->[:firebase_auth] AndroidManifest.xml:10:18-89
86            android:directBootAware="true"
86-->[com.google.firebase:firebase-common:20.2.0] AndroidManifest.xml:34:13-43
87            android:exported="false" >
87-->[com.google.firebase:firebase-auth:21.1.0] AndroidManifest.xml:66:13-37
88            <meta-data
88-->[:firebase_auth] AndroidManifest.xml:11:13-13:85
89                android:name="com.google.firebase.components:io.flutter.plugins.firebase.auth.FlutterFirebaseAuthRegistrar"
89-->[:firebase_auth] AndroidManifest.xml:12:17-124
90                android:value="com.google.firebase.components.ComponentRegistrar" />
90-->[:firebase_auth] AndroidManifest.xml:13:17-82
91            <meta-data
91-->[:cloud_firestore] AndroidManifest.xml:11:13-13:85
92                android:name="com.google.firebase.components:io.flutter.plugins.firebase.firestore.FlutterFirebaseFirestoreRegistrar"
92-->[:cloud_firestore] AndroidManifest.xml:12:17-134
93                android:value="com.google.firebase.components.ComponentRegistrar" />
93-->[:cloud_firestore] AndroidManifest.xml:13:17-82
94            <meta-data
94-->[:firebase_core] AndroidManifest.xml:11:13-13:85
95                android:name="com.google.firebase.components:io.flutter.plugins.firebase.core.FlutterFirebaseCoreRegistrar"
95-->[:firebase_core] AndroidManifest.xml:12:17-124
96                android:value="com.google.firebase.components.ComponentRegistrar" />
96-->[:firebase_core] AndroidManifest.xml:13:17-82
97            <meta-data
97-->[com.google.firebase:firebase-auth:21.1.0] AndroidManifest.xml:67:13-69:85
98                android:name="com.google.firebase.components:com.google.firebase.auth.FirebaseAuthRegistrar"
98-->[com.google.firebase:firebase-auth:21.1.0] AndroidManifest.xml:68:17-109
99                android:value="com.google.firebase.components.ComponentRegistrar" />
99-->[com.google.firebase:firebase-auth:21.1.0] AndroidManifest.xml:69:17-82
100            <meta-data
100-->[com.google.firebase:firebase-firestore:24.4.0] AndroidManifest.xml:19:13-21:85
101                android:name="com.google.firebase.components:com.google.firebase.firestore.FirestoreRegistrar"
101-->[com.google.firebase:firebase-firestore:24.4.0] AndroidManifest.xml:20:17-111
102                android:value="com.google.firebase.components.ComponentRegistrar" />
102-->[com.google.firebase:firebase-firestore:24.4.0] AndroidManifest.xml:21:17-82
103        </service>
104
105        <receiver
105-->[:beacons_plugin] AndroidManifest.xml:22:9-24:38
106            android:name="com.umair.beacons_plugin.BeaconsBroadcastReceiver"
106-->[:beacons_plugin] AndroidManifest.xml:23:13-77
107            android:enabled="true" />
107-->[:beacons_plugin] AndroidManifest.xml:24:13-35
108        <receiver
108-->[:beacons_plugin] AndroidManifest.xml:25:9-32:20
109            android:name="com.umair.beacons_plugin.RebootBroadcastReceiver"
109-->[:beacons_plugin] AndroidManifest.xml:26:13-76
110            android:enabled="true"
110-->[:beacons_plugin] AndroidManifest.xml:27:13-35
111            android:exported="true" >
111-->[:beacons_plugin] AndroidManifest.xml:28:13-36
112            <intent-filter>
112-->[:beacons_plugin] AndroidManifest.xml:29:13-31:29
113                <action android:name="android.intent.action.BOOT_COMPLETED" />
113-->[:beacons_plugin] AndroidManifest.xml:30:17-79
113-->[:beacons_plugin] AndroidManifest.xml:30:25-76
114            </intent-filter>
115        </receiver>
116
117        <service android:name="com.umair.beacons_plugin.BeaconsDiscoveryService" />
117-->[:beacons_plugin] AndroidManifest.xml:34:9-84
117-->[:beacons_plugin] AndroidManifest.xml:34:18-81
118        <service
118-->[:beacons_plugin] AndroidManifest.xml:35:9-39:38
119            android:name="org.altbeacon.beacon.service.BeaconService"
119-->[:beacons_plugin] AndroidManifest.xml:36:13-70
120            android:enabled="true"
120-->[:beacons_plugin] AndroidManifest.xml:37:13-35
121            android:exported="false"
121-->[org.altbeacon:android-beacon-library:2.19] AndroidManifest.xml:33:13-37
122            android:isolatedProcess="false"
122-->[:beacons_plugin] AndroidManifest.xml:38:13-44
123            android:label="beacon" />
123-->[:beacons_plugin] AndroidManifest.xml:39:13-35
124        <service
124-->[:beacons_plugin] AndroidManifest.xml:40:9-42:38
125            android:name="org.altbeacon.beacon.BeaconIntentProcessor"
125-->[:beacons_plugin] AndroidManifest.xml:41:13-70
126            android:enabled="true"
126-->[:beacons_plugin] AndroidManifest.xml:42:13-35
127            android:exported="false" />
127-->[org.altbeacon:android-beacon-library:2.19] AndroidManifest.xml:39:13-37
128
129        <receiver
129-->[org.altbeacon:android-beacon-library:2.19] AndroidManifest.xml:20:9-28:20
130            android:name="org.altbeacon.beacon.startup.StartupBroadcastReceiver"
130-->[org.altbeacon:android-beacon-library:2.19] AndroidManifest.xml:21:13-81
131            android:exported="false" >
131-->[org.altbeacon:android-beacon-library:2.19] AndroidManifest.xml:22:13-37
132            <intent-filter>
132-->[org.altbeacon:android-beacon-library:2.19] AndroidManifest.xml:23:13-27:29
133                <action android:name="android.intent.action.BOOT_COMPLETED" />
133-->[:beacons_plugin] AndroidManifest.xml:30:17-79
133-->[:beacons_plugin] AndroidManifest.xml:30:25-76
134                <action android:name="android.intent.action.ACTION_POWER_CONNECTED" />
134-->[org.altbeacon:android-beacon-library:2.19] AndroidManifest.xml:25:17-87
134-->[org.altbeacon:android-beacon-library:2.19] AndroidManifest.xml:25:25-84
135                <action android:name="android.intent.action.ACTION_POWER_DISCONNECTED" />
135-->[org.altbeacon:android-beacon-library:2.19] AndroidManifest.xml:26:17-90
135-->[org.altbeacon:android-beacon-library:2.19] AndroidManifest.xml:26:25-87
136            </intent-filter>
137        </receiver>
138
139        <service
139-->[org.altbeacon:android-beacon-library:2.19] AndroidManifest.xml:40:9-50:19
140            android:name="org.altbeacon.beacon.service.ScanJob"
140-->[org.altbeacon:android-beacon-library:2.19] AndroidManifest.xml:41:13-64
141            android:exported="false"
141-->[org.altbeacon:android-beacon-library:2.19] AndroidManifest.xml:42:13-37
142            android:permission="android.permission.BIND_JOB_SERVICE" >
142-->[org.altbeacon:android-beacon-library:2.19] AndroidManifest.xml:43:13-69
143            <meta-data
143-->[org.altbeacon:android-beacon-library:2.19] AndroidManifest.xml:44:13-46:45
144                android:name="immediateScanJobId"
144-->[org.altbeacon:android-beacon-library:2.19] AndroidManifest.xml:45:17-50
145                android:value="208352939" />
145-->[org.altbeacon:android-beacon-library:2.19] AndroidManifest.xml:46:17-42
146            <meta-data
146-->[org.altbeacon:android-beacon-library:2.19] AndroidManifest.xml:47:13-49:45
147                android:name="periodicScanJobId"
147-->[org.altbeacon:android-beacon-library:2.19] AndroidManifest.xml:48:17-49
148                android:value="208352940" />
148-->[org.altbeacon:android-beacon-library:2.19] AndroidManifest.xml:49:17-42
149        </service>
150        <service
150-->[org.altbeacon:android-beacon-library:2.19] AndroidManifest.xml:51:9-58:19
151            android:name="org.altbeacon.bluetooth.BluetoothTestJob"
151-->[org.altbeacon:android-beacon-library:2.19] AndroidManifest.xml:52:13-68
152            android:exported="false"
152-->[org.altbeacon:android-beacon-library:2.19] AndroidManifest.xml:53:13-37
153            android:permission="android.permission.BIND_JOB_SERVICE" >
153-->[org.altbeacon:android-beacon-library:2.19] AndroidManifest.xml:54:13-69
154            <meta-data
154-->[org.altbeacon:android-beacon-library:2.19] AndroidManifest.xml:55:13-57:46
155                android:name="jobId"
155-->[org.altbeacon:android-beacon-library:2.19] AndroidManifest.xml:56:17-37
156                android:value="1799803768" />
156-->[org.altbeacon:android-beacon-library:2.19] AndroidManifest.xml:57:17-43
157        </service>
158
159        <uses-library
159-->[androidx.window:window:1.0.0-beta04] AndroidManifest.xml:25:9-27:40
160            android:name="androidx.window.extensions"
160-->[androidx.window:window:1.0.0-beta04] AndroidManifest.xml:26:13-54
161            android:required="false" />
161-->[androidx.window:window:1.0.0-beta04] AndroidManifest.xml:27:13-37
162        <uses-library
162-->[androidx.window:window:1.0.0-beta04] AndroidManifest.xml:28:9-30:40
163            android:name="androidx.window.sidecar"
163-->[androidx.window:window:1.0.0-beta04] AndroidManifest.xml:29:13-51
164            android:required="false" />
164-->[androidx.window:window:1.0.0-beta04] AndroidManifest.xml:30:13-37
165
166        <activity
166-->[com.google.firebase:firebase-auth:21.1.0] AndroidManifest.xml:27:9-44:20
167            android:name="com.google.firebase.auth.internal.GenericIdpActivity"
167-->[com.google.firebase:firebase-auth:21.1.0] AndroidManifest.xml:28:13-80
168            android:excludeFromRecents="true"
168-->[com.google.firebase:firebase-auth:21.1.0] AndroidManifest.xml:29:13-46
169            android:exported="true"
169-->[com.google.firebase:firebase-auth:21.1.0] AndroidManifest.xml:30:13-36
170            android:launchMode="singleTask"
170-->[com.google.firebase:firebase-auth:21.1.0] AndroidManifest.xml:31:13-44
171            android:theme="@android:style/Theme.Translucent.NoTitleBar" >
171-->[com.google.firebase:firebase-auth:21.1.0] AndroidManifest.xml:32:13-72
172            <intent-filter>
172-->[com.google.firebase:firebase-auth:21.1.0] AndroidManifest.xml:33:13-43:29
173                <action android:name="android.intent.action.VIEW" />
173-->[com.google.firebase:firebase-auth:21.1.0] AndroidManifest.xml:34:17-69
173-->[com.google.firebase:firebase-auth:21.1.0] AndroidManifest.xml:34:25-66
174
175                <category android:name="android.intent.category.DEFAULT" />
175-->[com.google.firebase:firebase-auth:21.1.0] AndroidManifest.xml:36:17-76
175-->[com.google.firebase:firebase-auth:21.1.0] AndroidManifest.xml:36:27-73
176                <category android:name="android.intent.category.BROWSABLE" />
176-->[com.google.firebase:firebase-auth:21.1.0] AndroidManifest.xml:37:17-78
176-->[com.google.firebase:firebase-auth:21.1.0] AndroidManifest.xml:37:27-75
177
178                <data
178-->[com.google.firebase:firebase-auth:21.1.0] AndroidManifest.xml:39:17-42:51
179                    android:host="firebase.auth"
179-->[com.google.firebase:firebase-auth:21.1.0] AndroidManifest.xml:40:21-49
180                    android:path="/"
180-->[com.google.firebase:firebase-auth:21.1.0] AndroidManifest.xml:41:21-37
181                    android:scheme="genericidp" />
181-->[com.google.firebase:firebase-auth:21.1.0] AndroidManifest.xml:42:21-48
182            </intent-filter>
183        </activity>
184        <activity
184-->[com.google.firebase:firebase-auth:21.1.0] AndroidManifest.xml:45:9-62:20
185            android:name="com.google.firebase.auth.internal.RecaptchaActivity"
185-->[com.google.firebase:firebase-auth:21.1.0] AndroidManifest.xml:46:13-79
186            android:excludeFromRecents="true"
186-->[com.google.firebase:firebase-auth:21.1.0] AndroidManifest.xml:47:13-46
187            android:exported="true"
187-->[com.google.firebase:firebase-auth:21.1.0] AndroidManifest.xml:48:13-36
188            android:launchMode="singleTask"
188-->[com.google.firebase:firebase-auth:21.1.0] AndroidManifest.xml:49:13-44
189            android:theme="@android:style/Theme.Translucent.NoTitleBar" >
189-->[com.google.firebase:firebase-auth:21.1.0] AndroidManifest.xml:50:13-72
190            <intent-filter>
190-->[com.google.firebase:firebase-auth:21.1.0] AndroidManifest.xml:51:13-61:29
191                <action android:name="android.intent.action.VIEW" />
191-->[com.google.firebase:firebase-auth:21.1.0] AndroidManifest.xml:34:17-69
191-->[com.google.firebase:firebase-auth:21.1.0] AndroidManifest.xml:34:25-66
192
193                <category android:name="android.intent.category.DEFAULT" />
193-->[com.google.firebase:firebase-auth:21.1.0] AndroidManifest.xml:36:17-76
193-->[com.google.firebase:firebase-auth:21.1.0] AndroidManifest.xml:36:27-73
194                <category android:name="android.intent.category.BROWSABLE" />
194-->[com.google.firebase:firebase-auth:21.1.0] AndroidManifest.xml:37:17-78
194-->[com.google.firebase:firebase-auth:21.1.0] AndroidManifest.xml:37:27-75
195
196                <data
196-->[com.google.firebase:firebase-auth:21.1.0] AndroidManifest.xml:39:17-42:51
197                    android:host="firebase.auth"
197-->[com.google.firebase:firebase-auth:21.1.0] AndroidManifest.xml:40:21-49
198                    android:path="/"
198-->[com.google.firebase:firebase-auth:21.1.0] AndroidManifest.xml:41:21-37
199                    android:scheme="recaptcha" />
199-->[com.google.firebase:firebase-auth:21.1.0] AndroidManifest.xml:42:21-48
200            </intent-filter>
201        </activity>
202
203        <provider
203-->[com.google.firebase:firebase-common:20.2.0] AndroidManifest.xml:25:9-30:39
204            android:name="com.google.firebase.provider.FirebaseInitProvider"
204-->[com.google.firebase:firebase-common:20.2.0] AndroidManifest.xml:26:13-77
205            android:authorities="com.raghavBLE.ble_positioning_system.firebaseinitprovider"
205-->[com.google.firebase:firebase-common:20.2.0] AndroidManifest.xml:27:13-72
206            android:directBootAware="true"
206-->[com.google.firebase:firebase-common:20.2.0] AndroidManifest.xml:28:13-43
207            android:exported="false"
207-->[com.google.firebase:firebase-common:20.2.0] AndroidManifest.xml:29:13-37
208            android:initOrder="100" />
208-->[com.google.firebase:firebase-common:20.2.0] AndroidManifest.xml:30:13-36
209
210        <activity
210-->[com.google.android.gms:play-services-auth:20.4.1] AndroidManifest.xml:23:9-27:75
211            android:name="com.google.android.gms.auth.api.signin.internal.SignInHubActivity"
211-->[com.google.android.gms:play-services-auth:20.4.1] AndroidManifest.xml:24:13-93
212            android:excludeFromRecents="true"
212-->[com.google.android.gms:play-services-auth:20.4.1] AndroidManifest.xml:25:13-46
213            android:exported="false"
213-->[com.google.android.gms:play-services-auth:20.4.1] AndroidManifest.xml:26:13-37
214            android:theme="@android:style/Theme.Translucent.NoTitleBar" />
214-->[com.google.android.gms:play-services-auth:20.4.1] AndroidManifest.xml:27:13-72
215        <!--
216            Service handling Google Sign-In user revocation. For apps that do not integrate with
217            Google Sign-In, this service will never be started.
218        -->
219        <service
219-->[com.google.android.gms:play-services-auth:20.4.1] AndroidManifest.xml:33:9-37:51
220            android:name="com.google.android.gms.auth.api.signin.RevocationBoundService"
220-->[com.google.android.gms:play-services-auth:20.4.1] AndroidManifest.xml:34:13-89
221            android:exported="true"
221-->[com.google.android.gms:play-services-auth:20.4.1] AndroidManifest.xml:35:13-36
222            android:permission="com.google.android.gms.auth.api.signin.permission.REVOCATION_NOTIFICATION"
222-->[com.google.android.gms:play-services-auth:20.4.1] AndroidManifest.xml:36:13-107
223            android:visibleToInstantApps="true" />
223-->[com.google.android.gms:play-services-auth:20.4.1] AndroidManifest.xml:37:13-48
224
225        <activity
225-->[com.google.android.gms:play-services-base:18.0.1] AndroidManifest.xml:20:9-22:45
226            android:name="com.google.android.gms.common.api.GoogleApiActivity"
226-->[com.google.android.gms:play-services-base:18.0.1] AndroidManifest.xml:20:19-85
227            android:exported="false"
227-->[com.google.android.gms:play-services-base:18.0.1] AndroidManifest.xml:22:19-43
228            android:theme="@android:style/Theme.Translucent.NoTitleBar" />
228-->[com.google.android.gms:play-services-base:18.0.1] AndroidManifest.xml:21:19-78
229
230        <meta-data
230-->[com.google.android.gms:play-services-basement:18.1.0] AndroidManifest.xml:21:9-23:69
231            android:name="com.google.android.gms.version"
231-->[com.google.android.gms:play-services-basement:18.1.0] AndroidManifest.xml:22:13-58
232            android:value="@integer/google_play_services_version" />
232-->[com.google.android.gms:play-services-basement:18.1.0] AndroidManifest.xml:23:13-66
233    </application>
234
235</manifest>